1569602201233	geckodriver	INFO	geckodriver 0.21.0
1569602201252	geckodriver	INFO	Listening on 127.0.0.1:62586
1569602204294	mozrunner::runner	INFO	Running command: "C:\\Program Files (x86)\\Mozilla Firefox\\firefox.exe" "-marionette" "-foreground" "-no-remote" "-profile" "C:\\Users\\Petr\\AppData\\Local\\Temp\\rust_mozprofile.50VYAbe8skvU"
1569602205420	addons.webextension.screenshots@mozilla.org	WARN	Loading extension 'screenshots@mozilla.org': Reading manifest: Invalid extension permission: mozillaAddons
1569602205420	addons.webextension.screenshots@mozilla.org	WARN	Loading extension 'screenshots@mozilla.org': Reading manifest: Invalid extension permission: telemetry
1569602205420	addons.webextension.screenshots@mozilla.org	WARN	Loading extension 'screenshots@mozilla.org': Reading manifest: Invalid extension permission: resource://pdf.js/
1569602205422	addons.webextension.screenshots@mozilla.org	WARN	Loading extension 'screenshots@mozilla.org': Reading manifest: Invalid extension permission: about:reader*
1569602205611	Marionette	TRACE	Received observer notification profile-after-change
1569602205718	Marionette	TRACE	Received observer notification toplevel-window-ready
1569602205823	Marionette	TRACE	Received observer notification command-line-startup
1569602205824	Marionette	TRACE	Received observer notification nsPref:changed
1569602205824	Marionette	DEBUG	Init aborted (running=false, enabled=true, finalUIStartup=false)
1569602206071	Marionette	TRACE	Received observer notification toplevel-window-ready
JavaScript error: resource://gre/modules/XULStore.jsm, line 66: Error: Can't find profile directory.
1569602208940	Marionette	TRACE	Received observer notification marionette-startup-requested
1569602208941	Marionette	TRACE	Waiting until startup recorder finished recording startup scripts...
1569602209027	Marionette	TRACE	All scripts recorded.
1569602209028	Marionette	DEBUG	Setting recommended pref app.update.disabledForTesting to true
1569602209028	Marionette	DEBUG	Setting recommended pref apz.content_response_timeout to 60000
1569602209029	Marionette	DEBUG	Setting recommended pref browser.contentblocking.introCount to 99
1569602209030	Marionette	DEBUG	Setting recommended pref browser.download.panel.shown to true
1569602209030	Marionette	DEBUG	Setting recommended pref browser.newtabpage.enabled to false
1569602209033	Marionette	DEBUG	Setting recommended pref browser.pagethumbnails.capturing_disabled to true
1569602209035	Marionette	DEBUG	Setting recommended pref browser.search.update to false
1569602209039	Marionette	DEBUG	Setting recommended pref browser.tabs.disableBackgroundZombification to false
1569602209039	Marionette	DEBUG	Setting recommended pref browser.tabs.remote.separatePrivilegedContentProcess to false
1569602209040	Marionette	DEBUG	Setting recommended pref browser.tabs.unloadOnLowMemory to false
1569602209040	Marionette	DEBUG	Setting recommended pref browser.tabs.warnOnCloseOtherTabs to false
1569602209040	Marionette	DEBUG	Setting recommended pref browser.tabs.warnOnOpen to false
1569602209041	Marionette	DEBUG	Setting recommended pref browser.usedOnWindows10.introURL to 
1569602209041	Marionette	DEBUG	Setting recommended pref browser.urlbar.suggest.searches to false
1569602209045	Marionette	DEBUG	Setting recommended pref datareporting.policy.dataSubmissionPolicyAccepted to false
1569602209045	Marionette	DEBUG	Setting recommended pref dom.disable_beforeunload to true
1569602209045	Marionette	DEBUG	Setting recommended pref dom.disable_open_during_load to false
1569602209046	Marionette	DEBUG	Setting recommended pref dom.file.createInChild to true
1569602209046	Marionette	DEBUG	Setting recommended pref dom.max_chrome_script_run_time to 0
1569602209047	Marionette	DEBUG	Setting recommended pref dom.max_script_run_time to 0
1569602209049	Marionette	DEBUG	Setting recommended pref dom.push.connection.enabled to false
1569602209050	Marionette	DEBUG	Setting recommended pref extensions.getAddons.cache.enabled to false
1569602209051	Marionette	DEBUG	Setting recommended pref extensions.webservice.discoverURL to http://%(server)s/dummy/discoveryURL
1569602209052	Marionette	DEBUG	Setting recommended pref network.http.prompt-temp-redirect to false
1569602209053	Marionette	DEBUG	Setting recommended pref network.http.speculative-parallel-limit to 0
1569602209054	Marionette	DEBUG	Setting recommended pref privacy.trackingprotection.enabled to false
1569602209054	Marionette	DEBUG	Setting recommended pref security.certerrors.mitm.priming.enabled to false
1569602209054	Marionette	DEBUG	Setting recommended pref security.fileuri.strict_origin_policy to false
1569602209055	Marionette	DEBUG	Setting recommended pref security.notification_enable_delay to 0
1569602209056	Marionette	DEBUG	Setting recommended pref signon.autofillForms to false
1569602209057	Marionette	DEBUG	Setting recommended pref signon.rememberSignons to false
1569602209058	Marionette	DEBUG	Setting recommended pref toolkit.cosmeticAnimations.enabled to false
1569602209226	Marionette	INFO	Listening on port 62595
1569602209227	Marionette	DEBUG	Remote service is active
1569602209728	Marionette	DEBUG	Accepted connection 0 from 127.0.0.1:62617
1569602209733	Marionette	DEBUG	0 -> [0,1,"WebDriver:NewSession",{"acceptInsecureCerts":true,"browserName":"firefox","capabilities":{"desiredCapabilities":{"acceptInsecureCerts":true,"browserName":"firefox"}}}]
1569602209735	Marionette	WARN	TLS certificate errors will be ignored for this session
1569602209844	Marionette	TRACE	[6442450945] Frame script loaded
1569602209849	Marionette	TRACE	[6442450945] Frame script registered
1569602209857	Marionette	DEBUG	0 <- [1,1,null,{"sessionId":"494bb3f3-774a-4f75-96a7-0af322392fc5","capabilities":{"browserName":"firefox","browserVersion":"69.0. ... alse,"moz:webdriverClick":true,"capabilities":{"desiredCapabilities":{"acceptInsecureCerts":true,"browserName":"firefox"}}}}]
1569602224044	Marionette	DEBUG	0 -> [0,2,"WebDriver:Navigate",{"url":"https://www.fonbet.ru/mobile/live/handball"}]
1569602224061	Marionette	TRACE	[6442450945] Received DOM event beforeunload for about:blank
1569602224902	Marionette	TRACE	[6442450945] Received DOM event pagehide for about:blank
1569602225895	Marionette	TRACE	[6442450945] Received DOM event DOMContentLoaded for https://www.fonbet.ru/mobile/live/handball
1569602228021	Marionette	TRACE	[6442450945] Received observer notification outer-window-destroyed
1569602232056	Marionette	TRACE	[6442450945] Received DOM event pageshow for https://www.fonbet.ru/mobile/live/handball
1569602232061	Marionette	DEBUG	0 <- [1,2,null,{"value":null}]
1569602268571	Marionette	DEBUG	0 -> [0,3,"WebDriver:GetPageSource",{}]
1569602268644	Marionette	DEBUG	0 <- [1,3,null,{"value":"<html class=\"no-js _lt_hidden\" lang=\"ru\"><head><meta charset=\"utf-8\"><meta http-equiv=\"X-UA-Compat ... ">    <i class=\"lt-icon\"></i>     <span class=\"lt-label-block__txt\">     Начать чат</span>  </div></div></body></html>"}]
JavaScript error: resource://gre/modules/WebNavigationFrames.jsm, line 45: TypeError: window is null
1569602438818	Marionette	DEBUG	0 -> [0,4,"WebDriver:GetPageSource",{}]
1569602438893	Marionette	DEBUG	0 <- [1,4,null,{"value":"<html class=\"no-js _lt_hidden\" lang=\"ru\"><head><meta charset=\"utf-8\"><meta http-equiv=\"X-UA-Compat ... ">    <i class=\"lt-icon\"></i>     <span class=\"lt-label-block__txt\">     Начать чат</span>  </div></div></body></html>"}]
1569602528168	Marionette	DEBUG	0 -> [0,5,"WebDriver:GetPageSource",{}]
1569602528242	Marionette	DEBUG	0 <- [1,5,null,{"value":"<html class=\"no-js _lt_hidden\" lang=\"ru\"><head><meta charset=\"utf-8\"><meta http-equiv=\"X-UA-Compat ... ">    <i class=\"lt-icon\"></i>     <span class=\"lt-label-block__txt\">     Начать чат</span>  </div></div></body></html>"}]
[Parent 21556, Gecko_IOThread] WARNING: pipe error: 109: file z:/task_1568726031/build/src/ipc/chromium/src/chrome/common/ipc_channel_win.cc, line 341
[Parent 21556, Gecko_IOThread] WARNING: pipe error: 109: file z:/task_1568726031/build/src/ipc/chromium/src/chrome/common/ipc_channel_win.cc, line 341
[Child 18072, Chrome_ChildThread] WARNING: pipe error: 109: file z:/task_1568726031/build/src/ipc/chromium/src/chrome/common/ipc_channel_win.cc, line 341
[Ch[Child 23352, Chrome_ChildThread] WARNING: pipe error: 109: file z:/task_1568726031/build/src/ipc/chromium/src/chrome/common/ipc_channel_win.cc, line 341
[Child 23352, Ch1569604917271	Marionette	DEBUG	Closed connection 0
[Child 11644, Chrome_ChildThread] WARNING: pipe error: 109: file z:/task_1568726031/build/src/ipc/chromium/src/chrome/common/ipc_channel_win.cc, line 341
[Child 11644,1569604917418	Marionette	TRACE	Received observer notification xpcom-will-shutdown
1569604917418	Marionette	DEBUG	Resetting recommended pref app.update.disabledForTesting
1569604917418	Marionette	DEBUG	Resetting recommended pref apz.content_response_timeout
1569604917419	Marionette	DEBUG	Resetting recommended pref browser.contentblocking.introCount
1569604917419	Marionette	DEBUG	Resetting recommended pref browser.download.panel.shown
1569604917419	Marionette	DEBUG	Resetting recommended pref browser.newtabpage.enabled
1569604917419	Marionette	DEBUG	Resetting recommended pref browser.pagethumbnails.capturing_disabled
1569604917420	Marionette	DEBUG	Resetting recommended pref browser.search.update
1569604917420	Marionette	DEBUG	Resetting recommended pref browser.tabs.disableBackgroundZombification
1569604917421	Marionette	DEBUG	Resetting recommended pref browser.tabs.remote.separatePrivilegedContentProcess
1569604917421	Marionette	DEBUG	Resetting recommended pref browser.tabs.unloadOnLowMemory
1569604917421	Marionette	DEBUG	Resetting recommended pref browser.tabs.warnOnCloseOtherTabs
1569604917421	Marionette	DEBUG	Resetting recommended pref browser.tabs.warnOnOpen
1569604917421	Marionette	DEBUG	Resetting recommended pref browser.usedOnWindows10.introURL
1569604917421	Marionette	DEBUG	Resetting recommended pref browser.urlbar.suggest.searches
1569604917422	Marionette	DEBUG	Resetting recommended pref datareporting.policy.dataSubmissionPolicyAccepted
1569604917422	Marionette	DEBUG	Resetting recommended pref dom.disable_beforeunload
1569604917422	Marionette	DEBUG	Resetting recommended pref dom.disable_open_during_load
1569604917422	Marionette	DEBUG	Resetting recommended pref dom.file.createInChild
1569604917422	Marionette	DEBUG	Resetting recommended pref dom.max_chrome_script_run_time
1569604917422	Marionette	DEBUG	Resetting recommended pref dom.max_script_run_time
1569604917423	Marionette	DEBUG	Resetting recommended pref dom.push.connection.enabled
1569604917423	Marionette	DEBUG	Resetting recommended pref extensions.getAddons.cache.enabled
1569604917423	Marionette	DEBUG	Resetting recommended pref extensions.webservice.discoverURL
1569604917423	Marionette	DEBUG	Resetting recommended pref network.http.prompt-temp-redirect
1569604917423	Marionette	DEBUG	Resetting recommended pref network.http.speculative-parallel-limit
1569604917423	Marionette	DEBUG	Resetting recommended pref privacy.trackingprotection.enabled
1569604917423	Marionette	DEBUG	Resetting recommended pref security.certerrors.mitm.priming.enabled
1569604917423	Marionette	DEBUG	Resetting recommended pref security.fileuri.strict_origin_policy
1569604917423	Marionette	DEBUG	Resetting recommended pref security.notification_enable_delay
1569604917423	Marionette	DEBUG	Resetting recommended pref signon.autofillForms
1569604917424	Marionette	DEBUG	Resetting recommended pref signon.rememberSignons
1569604917424	Marionette	DEBUG	Resetting recommended pref toolkit.cosmeticAnimations.enabled
1569604917424	Marionette	INFO	Stopped listening on port 62595
1569604917424	Marionette	DEBUG	Remote service is inactive

###!!! [Child][RunMessage] Error: Channel closing: too late to send/recv, messages will be lost

[GPU 16132, Chrom
###!!! [Child][MessageChannel::SendAndWait] Error: Channel error: cannot send/recv

